{ message: 'Error: Not Found\n    at D:\\Daily Project Work\\Fin-Mart-API\\app.js:60:13\n    at Layer.handle [as handle_request] (D:\\Daily Project Work\\Fin-Mart-API\\node_modules\\express\\lib\\router\\layer.js:95:5)\n    at trim_prefix (D:\\Daily Project Work\\Fin-Mart-API\\node_modules\\express\\lib\\router\\index.js:317:13)\n    at D:\\Daily Project Work\\Fin-Mart-API\\node_modules\\express\\lib\\router\\index.js:284:7\n    at Function.process_params (D:\\Daily Project Work\\Fin-Mart-API\\node_modules\\express\\lib\\router\\index.js:335:12)\n    at next (D:\\Daily Project Work\\Fin-Mart-API\\node_modules\\express\\lib\\router\\index.js:275:10)\n    at D:\\Daily Project Work\\Fin-Mart-API\\node_modules\\express\\lib\\router\\index.js:635:15\n    at next (D:\\Daily Project Work\\Fin-Mart-API\\node_modules\\express\\lib\\router\\index.js:260:14)\n    at Function.handle (D:\\Daily Project Work\\Fin-Mart-API\\node_modules\\express\\lib\\router\\index.js:174:3)\n    at router (D:\\Daily Project Work\\Fin-Mart-API\\node_modules\\express\\lib\\router\\index.js:47:12)\n    at Layer.handle [as handle_request] (D:\\Daily Project Work\\Fin-Mart-API\\node_modules\\express\\lib\\router\\layer.js:95:5)\n    at trim_prefix (D:\\Daily Project Work\\Fin-Mart-API\\node_modules\\express\\lib\\router\\index.js:317:13)\n    at D:\\Daily Project Work\\Fin-Mart-API\\node_modules\\express\\lib\\router\\index.js:284:7\n    at Function.process_params (D:\\Daily Project Work\\Fin-Mart-API\\node_modules\\express\\lib\\router\\index.js:335:12)\n    at next (D:\\Daily Project Work\\Fin-Mart-API\\node_modules\\express\\lib\\router\\index.js:275:10)\n    at requestAccess (D:\\Daily Project Work\\Fin-Mart-API\\app.js:45:7)',
  level: 'error',
  timestamp: '2019-01-21T05:21:59.177Z',
  [Symbol(level)]: 'error' }
{ '0': 's',
  '1': 'e',
  '2': 'l',
  '3': 'f',
  '4': ' ',
  '5': 's',
  '6': 'i',
  '7': 'g',
  '8': 'n',
  '9': 'e',
  '10': 'd',
  '11': ' ',
  '12': 'c',
  '13': 'e',
  '14': 'r',
  '15': 't',
  '16': 'i',
  '17': 'f',
  '18': 'i',
  '19': 'c',
  '20': 'a',
  '21': 't',
  '22': 'e',
  '23': ' ',
  '24': 'i',
  '25': 'n',
  '26': ' ',
  '27': 'c',
  '28': 'e',
  '29': 'r',
  '30': 't',
  '31': 'i',
  '32': 'f',
  '33': 'i',
  '34': 'c',
  '35': 'a',
  '36': 't',
  '37': 'e',
  '38': ' ',
  '39': 'c',
  '40': 'h',
  '41': 'a',
  '42': 'i',
  '43': 'n',
  level: 'error',
  message: undefined,
  timestamp: '2019-01-21T06:41:30.822Z',
  [Symbol(level)]: 'error' }
{ '0': 's',
  '1': 'e',
  '2': 'l',
  '3': 'f',
  '4': ' ',
  '5': 's',
  '6': 'i',
  '7': 'g',
  '8': 'n',
  '9': 'e',
  '10': 'd',
  '11': ' ',
  '12': 'c',
  '13': 'e',
  '14': 'r',
  '15': 't',
  '16': 'i',
  '17': 'f',
  '18': 'i',
  '19': 'c',
  '20': 'a',
  '21': 't',
  '22': 'e',
  '23': ' ',
  '24': 'i',
  '25': 'n',
  '26': ' ',
  '27': 'c',
  '28': 'e',
  '29': 'r',
  '30': 't',
  '31': 'i',
  '32': 'f',
  '33': 'i',
  '34': 'c',
  '35': 'a',
  '36': 't',
  '37': 'e',
  '38': ' ',
  '39': 'c',
  '40': 'h',
  '41': 'a',
  '42': 'i',
  '43': 'n',
  level: 'error',
  message: undefined,
  timestamp: '2019-01-21T06:43:19.408Z',
  [Symbol(level)]: 'error' }
