{ error: 
   { Error: ER_SP_WRONG_NO_OF_ARGS: Incorrect number of arguments for PROCEDURE BackOffice.InsertFBARegistration; expected 19, got 17
    at Query.Sequence._packetToError (D:\Daily Project Work\Node Finmart\Back Office API\node_modules\mysql\lib\protocol\sequences\Sequence.js:52:14)
    at Query.ErrorPacket (D:\Daily Project Work\Node Finmart\Back Office API\node_modules\mysql\lib\protocol\sequences\Query.js:77:18)
    at Protocol._parsePacket (D:\Daily Project Work\Node Finmart\Back Office API\node_modules\mysql\lib\protocol\Protocol.js:279:23)
    at Parser.write (D:\Daily Project Work\Node Finmart\Back Office API\node_modules\mysql\lib\protocol\Parser.js:76:12)
    at Protocol.write (D:\Daily Project Work\Node Finmart\Back Office API\node_modules\mysql\lib\protocol\Protocol.js:39:16)
    at Socket.<anonymous> (D:\Daily Project Work\Node Finmart\Back Office API\node_modules\mysql\lib\Connection.js:103:28)
    at Socket.emit (events.js:159:13)
    at addChunk (_stream_readable.js:265:12)
    at readableAddChunk (_stream_readable.js:252:11)
    at Socket.Readable.push (_stream_readable.js:209:10)
    at TCP.onread (net.js:608:20)
    --------------------
    at Protocol._enqueue (D:\Daily Project Work\Node Finmart\Back Office API\node_modules\mysql\lib\protocol\Protocol.js:145:48)
    at Connection.query (D:\Daily Project Work\Node Finmart\Back Office API\node_modules\mysql\lib\Connection.js:208:25)
    at Connection.connection.execute_proc (D:\Daily Project Work\Node Finmart\Back Office API\bin\dbconnection.js:29:16)
    at AddChildPosp (D:\Daily Project Work\Node Finmart\Back Office API\controller\AddChildPosp.js:41:5)
    at D:\Daily Project Work\Node Finmart\Back Office API\routes\api.js:772:3
    at Layer.handle [as handle_request] (D:\Daily Project Work\Node Finmart\Back Office API\node_modules\express\lib\router\layer.js:95:5)
    at next (D:\Daily Project Work\Node Finmart\Back Office API\node_modules\express\lib\router\route.js:137:13)
    at Route.dispatch (D:\Daily Project Work\Node Finmart\Back Office API\node_modules\express\lib\router\route.js:112:3)
    at Layer.handle [as handle_request] (D:\Daily Project Work\Node Finmart\Back Office API\node_modules\express\lib\router\layer.js:95:5)
    at D:\Daily Project Work\Node Finmart\Back Office API\node_modules\express\lib\router\index.js:281:22
    at Function.process_params (D:\Daily Project Work\Node Finmart\Back Office API\node_modules\express\lib\router\index.js:335:12)
    at next (D:\Daily Project Work\Node Finmart\Back Office API\node_modules\express\lib\router\index.js:275:10)
    at Function.handle (D:\Daily Project Work\Node Finmart\Back Office API\node_modules\express\lib\router\index.js:174:3)
    at router (D:\Daily Project Work\Node Finmart\Back Office API\node_modules\express\lib\router\index.js:47:12)
    at Layer.handle [as handle_request] (D:\Daily Project Work\Node Finmart\Back Office API\node_modules\express\lib\router\layer.js:95:5)
    at trim_prefix (D:\Daily Project Work\Node Finmart\Back Office API\node_modules\express\lib\router\index.js:317:13)
     code: 'ER_SP_WRONG_NO_OF_ARGS',
     errno: 1318,
     sqlMessage: 'Incorrect number of arguments for PROCEDURE BackOffice.InsertFBARegistration; expected 19, got 17',
     sqlState: '42000',
     index: 0,
     sql: 'call InsertFBARegistration(\'Hhdhs\',\'Hshs\',\'F\',\'10-Oct-2000\',\'9887798958\',\'\',\'hzh3s@hsh.com\',\'401105\',\'Thane\',\'21\',\'R\',0,0,NULL,\'\',NULL,\'37338\')' },
  level: 'error',
  message: 'uncaughtException: ER_SP_WRONG_NO_OF_ARGS: Incorrect number of arguments for PROCEDURE BackOffice.InsertFBARegistration; expected 19, got 17\nError: ER_SP_WRONG_NO_OF_ARGS: Incorrect number of arguments for PROCEDURE BackOffice.InsertFBARegistration; expected 19, got 17\n    at Query.Sequence._packetToError (D:\\Daily Project Work\\Node Finmart\\Back Office API\\node_modules\\mysql\\lib\\protocol\\sequences\\Sequence.js:52:14)\n    at Query.ErrorPacket (D:\\Daily Project Work\\Node Finmart\\Back Office API\\node_modules\\mysql\\lib\\protocol\\sequences\\Query.js:77:18)\n    at Protocol._parsePacket (D:\\Daily Project Work\\Node Finmart\\Back Office API\\node_modules\\mysql\\lib\\protocol\\Protocol.js:279:23)\n    at Parser.write (D:\\Daily Project Work\\Node Finmart\\Back Office API\\node_modules\\mysql\\lib\\protocol\\Parser.js:76:12)\n    at Protocol.write (D:\\Daily Project Work\\Node Finmart\\Back Office API\\node_modules\\mysql\\lib\\protocol\\Protocol.js:39:16)\n    at Socket.<anonymous> (D:\\Daily Project Work\\Node Finmart\\Back Office API\\node_modules\\mysql\\lib\\Connection.js:103:28)\n    at Socket.emit (events.js:159:13)\n    at addChunk (_stream_readable.js:265:12)\n    at readableAddChunk (_stream_readable.js:252:11)\n    at Socket.Readable.push (_stream_readable.js:209:10)\n    at TCP.onread (net.js:608:20)\n    --------------------\n    at Protocol._enqueue (D:\\Daily Project Work\\Node Finmart\\Back Office API\\node_modules\\mysql\\lib\\protocol\\Protocol.js:145:48)\n    at Connection.query (D:\\Daily Project Work\\Node Finmart\\Back Office API\\node_modules\\mysql\\lib\\Connection.js:208:25)\n    at Connection.connection.execute_proc (D:\\Daily Project Work\\Node Finmart\\Back Office API\\bin\\dbconnection.js:29:16)\n    at AddChildPosp (D:\\Daily Project Work\\Node Finmart\\Back Office API\\controller\\AddChildPosp.js:41:5)\n    at D:\\Daily Project Work\\Node Finmart\\Back Office API\\routes\\api.js:772:3\n    at Layer.handle [as handle_request] (D:\\Daily Project Work\\Node Finmart\\Back Office API\\node_modules\\express\\lib\\router\\layer.js:95:5)\n    at next (D:\\Daily Project Work\\Node Finmart\\Back Office API\\node_modules\\express\\lib\\router\\route.js:137:13)\n    at Route.dispatch (D:\\Daily Project Work\\Node Finmart\\Back Office API\\node_modules\\express\\lib\\router\\route.js:112:3)\n    at Layer.handle [as handle_request] (D:\\Daily Project Work\\Node Finmart\\Back Office API\\node_modules\\express\\lib\\router\\layer.js:95:5)\n    at D:\\Daily Project Work\\Node Finmart\\Back Office API\\node_modules\\express\\lib\\router\\index.js:281:22\n    at Function.process_params (D:\\Daily Project Work\\Node Finmart\\Back Office API\\node_modules\\express\\lib\\router\\index.js:335:12)\n    at next (D:\\Daily Project Work\\Node Finmart\\Back Office API\\node_modules\\express\\lib\\router\\index.js:275:10)\n    at Function.handle (D:\\Daily Project Work\\Node Finmart\\Back Office API\\node_modules\\express\\lib\\router\\index.js:174:3)\n    at router (D:\\Daily Project Work\\Node Finmart\\Back Office API\\node_modules\\express\\lib\\router\\index.js:47:12)\n    at Layer.handle [as handle_request] (D:\\Daily Project Work\\Node Finmart\\Back Office API\\node_modules\\express\\lib\\router\\layer.js:95:5)\n    at trim_prefix (D:\\Daily Project Work\\Node Finmart\\Back Office API\\node_modules\\express\\lib\\router\\index.js:317:13)',
  stack: 'Error: ER_SP_WRONG_NO_OF_ARGS: Incorrect number of arguments for PROCEDURE BackOffice.InsertFBARegistration; expected 19, got 17\n    at Query.Sequence._packetToError (D:\\Daily Project Work\\Node Finmart\\Back Office API\\node_modules\\mysql\\lib\\protocol\\sequences\\Sequence.js:52:14)\n    at Query.ErrorPacket (D:\\Daily Project Work\\Node Finmart\\Back Office API\\node_modules\\mysql\\lib\\protocol\\sequences\\Query.js:77:18)\n    at Protocol._parsePacket (D:\\Daily Project Work\\Node Finmart\\Back Office API\\node_modules\\mysql\\lib\\protocol\\Protocol.js:279:23)\n    at Parser.write (D:\\Daily Project Work\\Node Finmart\\Back Office API\\node_modules\\mysql\\lib\\protocol\\Parser.js:76:12)\n    at Protocol.write (D:\\Daily Project Work\\Node Finmart\\Back Office API\\node_modules\\mysql\\lib\\protocol\\Protocol.js:39:16)\n    at Socket.<anonymous> (D:\\Daily Project Work\\Node Finmart\\Back Office API\\node_modules\\mysql\\lib\\Connection.js:103:28)\n    at Socket.emit (events.js:159:13)\n    at addChunk (_stream_readable.js:265:12)\n    at readableAddChunk (_stream_readable.js:252:11)\n    at Socket.Readable.push (_stream_readable.js:209:10)\n    at TCP.onread (net.js:608:20)\n    --------------------\n    at Protocol._enqueue (D:\\Daily Project Work\\Node Finmart\\Back Office API\\node_modules\\mysql\\lib\\protocol\\Protocol.js:145:48)\n    at Connection.query (D:\\Daily Project Work\\Node Finmart\\Back Office API\\node_modules\\mysql\\lib\\Connection.js:208:25)\n    at Connection.connection.execute_proc (D:\\Daily Project Work\\Node Finmart\\Back Office API\\bin\\dbconnection.js:29:16)\n    at AddChildPosp (D:\\Daily Project Work\\Node Finmart\\Back Office API\\controller\\AddChildPosp.js:41:5)\n    at D:\\Daily Project Work\\Node Finmart\\Back Office API\\routes\\api.js:772:3\n    at Layer.handle [as handle_request] (D:\\Daily Project Work\\Node Finmart\\Back Office API\\node_modules\\express\\lib\\router\\layer.js:95:5)\n    at next (D:\\Daily Project Work\\Node Finmart\\Back Office API\\node_modules\\express\\lib\\router\\route.js:137:13)\n    at Route.dispatch (D:\\Daily Project Work\\Node Finmart\\Back Office API\\node_modules\\express\\lib\\router\\route.js:112:3)\n    at Layer.handle [as handle_request] (D:\\Daily Project Work\\Node Finmart\\Back Office API\\node_modules\\express\\lib\\router\\layer.js:95:5)\n    at D:\\Daily Project Work\\Node Finmart\\Back Office API\\node_modules\\express\\lib\\router\\index.js:281:22\n    at Function.process_params (D:\\Daily Project Work\\Node Finmart\\Back Office API\\node_modules\\express\\lib\\router\\index.js:335:12)\n    at next (D:\\Daily Project Work\\Node Finmart\\Back Office API\\node_modules\\express\\lib\\router\\index.js:275:10)\n    at Function.handle (D:\\Daily Project Work\\Node Finmart\\Back Office API\\node_modules\\express\\lib\\router\\index.js:174:3)\n    at router (D:\\Daily Project Work\\Node Finmart\\Back Office API\\node_modules\\express\\lib\\router\\index.js:47:12)\n    at Layer.handle [as handle_request] (D:\\Daily Project Work\\Node Finmart\\Back Office API\\node_modules\\express\\lib\\router\\layer.js:95:5)\n    at trim_prefix (D:\\Daily Project Work\\Node Finmart\\Back Office API\\node_modules\\express\\lib\\router\\index.js:317:13)',
  exception: true,
  date: 'Fri Jan 18 2019 12:39:22 GMT+0530 (India Standard Time)',
  process: 
   { pid: 528,
     uid: null,
     gid: null,
     cwd: 'D:\\Daily Project Work\\Node Finmart\\Back Office API',
     execPath: 'C:\\Program Files\\nodejs\\node.exe',
     version: 'v9.3.0',
     argv: 
      [ 'C:\\Program Files\\nodejs\\node.exe',
        'D:\\Daily Project Work\\Node Finmart\\Back Office API\\bin\\www' ],
     memoryUsage: 
      { rss: 60551168,
        heapTotal: 59076608,
        heapUsed: 23506760,
        external: 17984055 } },
  os: { loadavg: [ 0, 0, 0 ], uptime: 692489.2273902 },
  trace: 
   [ { column: 14,
       file: 'D:\\Daily Project Work\\Node Finmart\\Back Office API\\node_modules\\mysql\\lib\\protocol\\sequences\\Sequence.js',
       function: 'Query.Sequence._packetToError',
       line: 52,
       method: '_packetToError',
       native: false },
     { column: 18,
       file: 'D:\\Daily Project Work\\Node Finmart\\Back Office API\\node_modules\\mysql\\lib\\protocol\\sequences\\Query.js',
       function: 'Query.ErrorPacket',
       line: 77,
       method: 'ErrorPacket',
       native: false },
     { column: 23,
       file: 'D:\\Daily Project Work\\Node Finmart\\Back Office API\\node_modules\\mysql\\lib\\protocol\\Protocol.js',
       function: 'Protocol._parsePacket',
       line: 279,
       method: '_parsePacket',
       native: false },
     { column: 12,
       file: 'D:\\Daily Project Work\\Node Finmart\\Back Office API\\node_modules\\mysql\\lib\\protocol\\Parser.js',
       function: 'Parser.write',
       line: 76,
       method: 'write',
       native: false },
     { column: 16,
       file: 'D:\\Daily Project Work\\Node Finmart\\Back Office API\\node_modules\\mysql\\lib\\protocol\\Protocol.js',
       function: 'Protocol.write',
       line: 39,
       method: 'write',
       native: false },
     { column: 28,
       file: 'D:\\Daily Project Work\\Node Finmart\\Back Office API\\node_modules\\mysql\\lib\\Connection.js',
       function: null,
       line: 103,
       method: null,
       native: false },
     { column: 13,
       file: 'events.js',
       function: 'Socket.emit',
       line: 159,
       method: 'emit',
       native: false },
     { column: 12,
       file: '_stream_readable.js',
       function: 'addChunk',
       line: 265,
       method: null,
       native: false },
     { column: 11,
       file: '_stream_readable.js',
       function: 'readableAddChunk',
       line: 252,
       method: null,
       native: false },
     { column: 10,
       file: '_stream_readable.js',
       function: 'Socket.Readable.push',
       line: 209,
       method: 'push',
       native: false },
     { column: 20,
       file: 'net.js',
       function: 'TCP.onread',
       line: 608,
       method: 'onread',
       native: false },
     { column: null,
       file: '    --------------------',
       function: null,
       line: null,
       method: null,
       native: null },
     { column: 48,
       file: 'D:\\Daily Project Work\\Node Finmart\\Back Office API\\node_modules\\mysql\\lib\\protocol\\Protocol.js',
       function: 'Protocol._enqueue',
       line: 145,
       method: '_enqueue',
       native: false },
     { column: 25,
       file: 'D:\\Daily Project Work\\Node Finmart\\Back Office API\\node_modules\\mysql\\lib\\Connection.js',
       function: 'Connection.query',
       line: 208,
       method: 'query',
       native: false },
     { column: 16,
       file: 'D:\\Daily Project Work\\Node Finmart\\Back Office API\\bin\\dbconnection.js',
       function: 'Connection.connection.execute_proc',
       line: 29,
       method: 'execute_proc',
       native: false },
     { column: 5,
       file: 'D:\\Daily Project Work\\Node Finmart\\Back Office API\\controller\\AddChildPosp.js',
       function: 'AddChildPosp',
       line: 41,
       method: null,
       native: false },
     { column: 3,
       file: 'D:\\Daily Project Work\\Node Finmart\\Back Office API\\routes\\api.js',
       function: null,
       line: 772,
       method: null,
       native: false },
     { column: 5,
       file: 'D:\\Daily Project Work\\Node Finmart\\Back Office API\\node_modules\\express\\lib\\router\\layer.js',
       function: 'Layer.handle [as handle_request]',
       line: 95,
       method: 'handle [as handle_request]',
       native: false },
     { column: 13,
       file: 'D:\\Daily Project Work\\Node Finmart\\Back Office API\\node_modules\\express\\lib\\router\\route.js',
       function: 'next',
       line: 137,
       method: null,
       native: false },
     { column: 3,
       file: 'D:\\Daily Project Work\\Node Finmart\\Back Office API\\node_modules\\express\\lib\\router\\route.js',
       function: 'Route.dispatch',
       line: 112,
       method: 'dispatch',
       native: false },
     { column: 5,
       file: 'D:\\Daily Project Work\\Node Finmart\\Back Office API\\node_modules\\express\\lib\\router\\layer.js',
       function: 'Layer.handle [as handle_request]',
       line: 95,
       method: 'handle [as handle_request]',
       native: false },
     { column: 22,
       file: 'D:\\Daily Project Work\\Node Finmart\\Back Office API\\node_modules\\express\\lib\\router\\index.js',
       function: null,
       line: 281,
       method: null,
       native: false },
     { column: 12,
       file: 'D:\\Daily Project Work\\Node Finmart\\Back Office API\\node_modules\\express\\lib\\router\\index.js',
       function: 'Function.process_params',
       line: 335,
       method: 'process_params',
       native: false },
     { column: 10,
       file: 'D:\\Daily Project Work\\Node Finmart\\Back Office API\\node_modules\\express\\lib\\router\\index.js',
       function: 'next',
       line: 275,
       method: null,
       native: false },
     { column: 3,
       file: 'D:\\Daily Project Work\\Node Finmart\\Back Office API\\node_modules\\express\\lib\\router\\index.js',
       function: 'Function.handle',
       line: 174,
       method: 'handle',
       native: false },
     { column: 12,
       file: 'D:\\Daily Project Work\\Node Finmart\\Back Office API\\node_modules\\express\\lib\\router\\index.js',
       function: 'router',
       line: 47,
       method: null,
       native: false },
     { column: 5,
       file: 'D:\\Daily Project Work\\Node Finmart\\Back Office API\\node_modules\\express\\lib\\router\\layer.js',
       function: 'Layer.handle [as handle_request]',
       line: 95,
       method: 'handle [as handle_request]',
       native: false },
     { column: 13,
       file: 'D:\\Daily Project Work\\Node Finmart\\Back Office API\\node_modules\\express\\lib\\router\\index.js',
       function: 'trim_prefix',
       line: 317,
       method: null,
       native: false } ],
  timestamp: '2019-01-18T07:09:22.944Z',
  [Symbol(level)]: 'error' }
{ error: 
   { Error: ER_SP_WRONG_NO_OF_ARGS: Incorrect number of arguments for PROCEDURE BackOffice.InsertFBARegistration; expected 19, got 17
    at Query.Sequence._packetToError (D:\Daily Project Work\Node Finmart\Back Office API\node_modules\mysql\lib\protocol\sequences\Sequence.js:52:14)
    at Query.ErrorPacket (D:\Daily Project Work\Node Finmart\Back Office API\node_modules\mysql\lib\protocol\sequences\Query.js:77:18)
    at Protocol._parsePacket (D:\Daily Project Work\Node Finmart\Back Office API\node_modules\mysql\lib\protocol\Protocol.js:279:23)
    at Parser.write (D:\Daily Project Work\Node Finmart\Back Office API\node_modules\mysql\lib\protocol\Parser.js:76:12)
    at Protocol.write (D:\Daily Project Work\Node Finmart\Back Office API\node_modules\mysql\lib\protocol\Protocol.js:39:16)
    at Socket.<anonymous> (D:\Daily Project Work\Node Finmart\Back Office API\node_modules\mysql\lib\Connection.js:103:28)
    at Socket.emit (events.js:159:13)
    at addChunk (_stream_readable.js:265:12)
    at readableAddChunk (_stream_readable.js:252:11)
    at Socket.Readable.push (_stream_readable.js:209:10)
    at TCP.onread (net.js:608:20)
    --------------------
    at Protocol._enqueue (D:\Daily Project Work\Node Finmart\Back Office API\node_modules\mysql\lib\protocol\Protocol.js:145:48)
    at Connection.query (D:\Daily Project Work\Node Finmart\Back Office API\node_modules\mysql\lib\Connection.js:208:25)
    at Connection.connection.execute_proc (D:\Daily Project Work\Node Finmart\Back Office API\bin\dbconnection.js:29:16)
    at AddChildPosp (D:\Daily Project Work\Node Finmart\Back Office API\controller\AddChildPosp.js:41:5)
    at D:\Daily Project Work\Node Finmart\Back Office API\routes\api.js:772:3
    at Layer.handle [as handle_request] (D:\Daily Project Work\Node Finmart\Back Office API\node_modules\express\lib\router\layer.js:95:5)
    at next (D:\Daily Project Work\Node Finmart\Back Office API\node_modules\express\lib\router\route.js:137:13)
    at Route.dispatch (D:\Daily Project Work\Node Finmart\Back Office API\node_modules\express\lib\router\route.js:112:3)
    at Layer.handle [as handle_request] (D:\Daily Project Work\Node Finmart\Back Office API\node_modules\express\lib\router\layer.js:95:5)
    at D:\Daily Project Work\Node Finmart\Back Office API\node_modules\express\lib\router\index.js:281:22
    at Function.process_params (D:\Daily Project Work\Node Finmart\Back Office API\node_modules\express\lib\router\index.js:335:12)
    at next (D:\Daily Project Work\Node Finmart\Back Office API\node_modules\express\lib\router\index.js:275:10)
    at Function.handle (D:\Daily Project Work\Node Finmart\Back Office API\node_modules\express\lib\router\index.js:174:3)
    at router (D:\Daily Project Work\Node Finmart\Back Office API\node_modules\express\lib\router\index.js:47:12)
    at Layer.handle [as handle_request] (D:\Daily Project Work\Node Finmart\Back Office API\node_modules\express\lib\router\layer.js:95:5)
    at trim_prefix (D:\Daily Project Work\Node Finmart\Back Office API\node_modules\express\lib\router\index.js:317:13)
     code: 'ER_SP_WRONG_NO_OF_ARGS',
     errno: 1318,
     sqlMessage: 'Incorrect number of arguments for PROCEDURE BackOffice.InsertFBARegistration; expected 19, got 17',
     sqlState: '42000',
     index: 0,
     sql: 'call InsertFBARegistration(\'Hhdhs\',\'Hshs\',\'F\',\'10-Oct-2000\',\'9887798958\',\'\',\'hzh3s@hsh.com\',\'401105\',\'Thane\',\'21\',\'R\',0,0,NULL,\'\',NULL,\'37338\')' },
  level: 'error',
  message: 'uncaughtException: ER_SP_WRONG_NO_OF_ARGS: Incorrect number of arguments for PROCEDURE BackOffice.InsertFBARegistration; expected 19, got 17\nError: ER_SP_WRONG_NO_OF_ARGS: Incorrect number of arguments for PROCEDURE BackOffice.InsertFBARegistration; expected 19, got 17\n    at Query.Sequence._packetToError (D:\\Daily Project Work\\Node Finmart\\Back Office API\\node_modules\\mysql\\lib\\protocol\\sequences\\Sequence.js:52:14)\n    at Query.ErrorPacket (D:\\Daily Project Work\\Node Finmart\\Back Office API\\node_modules\\mysql\\lib\\protocol\\sequences\\Query.js:77:18)\n    at Protocol._parsePacket (D:\\Daily Project Work\\Node Finmart\\Back Office API\\node_modules\\mysql\\lib\\protocol\\Protocol.js:279:23)\n    at Parser.write (D:\\Daily Project Work\\Node Finmart\\Back Office API\\node_modules\\mysql\\lib\\protocol\\Parser.js:76:12)\n    at Protocol.write (D:\\Daily Project Work\\Node Finmart\\Back Office API\\node_modules\\mysql\\lib\\protocol\\Protocol.js:39:16)\n    at Socket.<anonymous> (D:\\Daily Project Work\\Node Finmart\\Back Office API\\node_modules\\mysql\\lib\\Connection.js:103:28)\n    at Socket.emit (events.js:159:13)\n    at addChunk (_stream_readable.js:265:12)\n    at readableAddChunk (_stream_readable.js:252:11)\n    at Socket.Readable.push (_stream_readable.js:209:10)\n    at TCP.onread (net.js:608:20)\n    --------------------\n    at Protocol._enqueue (D:\\Daily Project Work\\Node Finmart\\Back Office API\\node_modules\\mysql\\lib\\protocol\\Protocol.js:145:48)\n    at Connection.query (D:\\Daily Project Work\\Node Finmart\\Back Office API\\node_modules\\mysql\\lib\\Connection.js:208:25)\n    at Connection.connection.execute_proc (D:\\Daily Project Work\\Node Finmart\\Back Office API\\bin\\dbconnection.js:29:16)\n    at AddChildPosp (D:\\Daily Project Work\\Node Finmart\\Back Office API\\controller\\AddChildPosp.js:41:5)\n    at D:\\Daily Project Work\\Node Finmart\\Back Office API\\routes\\api.js:772:3\n    at Layer.handle [as handle_request] (D:\\Daily Project Work\\Node Finmart\\Back Office API\\node_modules\\express\\lib\\router\\layer.js:95:5)\n    at next (D:\\Daily Project Work\\Node Finmart\\Back Office API\\node_modules\\express\\lib\\router\\route.js:137:13)\n    at Route.dispatch (D:\\Daily Project Work\\Node Finmart\\Back Office API\\node_modules\\express\\lib\\router\\route.js:112:3)\n    at Layer.handle [as handle_request] (D:\\Daily Project Work\\Node Finmart\\Back Office API\\node_modules\\express\\lib\\router\\layer.js:95:5)\n    at D:\\Daily Project Work\\Node Finmart\\Back Office API\\node_modules\\express\\lib\\router\\index.js:281:22\n    at Function.process_params (D:\\Daily Project Work\\Node Finmart\\Back Office API\\node_modules\\express\\lib\\router\\index.js:335:12)\n    at next (D:\\Daily Project Work\\Node Finmart\\Back Office API\\node_modules\\express\\lib\\router\\index.js:275:10)\n    at Function.handle (D:\\Daily Project Work\\Node Finmart\\Back Office API\\node_modules\\express\\lib\\router\\index.js:174:3)\n    at router (D:\\Daily Project Work\\Node Finmart\\Back Office API\\node_modules\\express\\lib\\router\\index.js:47:12)\n    at Layer.handle [as handle_request] (D:\\Daily Project Work\\Node Finmart\\Back Office API\\node_modules\\express\\lib\\router\\layer.js:95:5)\n    at trim_prefix (D:\\Daily Project Work\\Node Finmart\\Back Office API\\node_modules\\express\\lib\\router\\index.js:317:13)',
  stack: 'Error: ER_SP_WRONG_NO_OF_ARGS: Incorrect number of arguments for PROCEDURE BackOffice.InsertFBARegistration; expected 19, got 17\n    at Query.Sequence._packetToError (D:\\Daily Project Work\\Node Finmart\\Back Office API\\node_modules\\mysql\\lib\\protocol\\sequences\\Sequence.js:52:14)\n    at Query.ErrorPacket (D:\\Daily Project Work\\Node Finmart\\Back Office API\\node_modules\\mysql\\lib\\protocol\\sequences\\Query.js:77:18)\n    at Protocol._parsePacket (D:\\Daily Project Work\\Node Finmart\\Back Office API\\node_modules\\mysql\\lib\\protocol\\Protocol.js:279:23)\n    at Parser.write (D:\\Daily Project Work\\Node Finmart\\Back Office API\\node_modules\\mysql\\lib\\protocol\\Parser.js:76:12)\n    at Protocol.write (D:\\Daily Project Work\\Node Finmart\\Back Office API\\node_modules\\mysql\\lib\\protocol\\Protocol.js:39:16)\n    at Socket.<anonymous> (D:\\Daily Project Work\\Node Finmart\\Back Office API\\node_modules\\mysql\\lib\\Connection.js:103:28)\n    at Socket.emit (events.js:159:13)\n    at addChunk (_stream_readable.js:265:12)\n    at readableAddChunk (_stream_readable.js:252:11)\n    at Socket.Readable.push (_stream_readable.js:209:10)\n    at TCP.onread (net.js:608:20)\n    --------------------\n    at Protocol._enqueue (D:\\Daily Project Work\\Node Finmart\\Back Office API\\node_modules\\mysql\\lib\\protocol\\Protocol.js:145:48)\n    at Connection.query (D:\\Daily Project Work\\Node Finmart\\Back Office API\\node_modules\\mysql\\lib\\Connection.js:208:25)\n    at Connection.connection.execute_proc (D:\\Daily Project Work\\Node Finmart\\Back Office API\\bin\\dbconnection.js:29:16)\n    at AddChildPosp (D:\\Daily Project Work\\Node Finmart\\Back Office API\\controller\\AddChildPosp.js:41:5)\n    at D:\\Daily Project Work\\Node Finmart\\Back Office API\\routes\\api.js:772:3\n    at Layer.handle [as handle_request] (D:\\Daily Project Work\\Node Finmart\\Back Office API\\node_modules\\express\\lib\\router\\layer.js:95:5)\n    at next (D:\\Daily Project Work\\Node Finmart\\Back Office API\\node_modules\\express\\lib\\router\\route.js:137:13)\n    at Route.dispatch (D:\\Daily Project Work\\Node Finmart\\Back Office API\\node_modules\\express\\lib\\router\\route.js:112:3)\n    at Layer.handle [as handle_request] (D:\\Daily Project Work\\Node Finmart\\Back Office API\\node_modules\\express\\lib\\router\\layer.js:95:5)\n    at D:\\Daily Project Work\\Node Finmart\\Back Office API\\node_modules\\express\\lib\\router\\index.js:281:22\n    at Function.process_params (D:\\Daily Project Work\\Node Finmart\\Back Office API\\node_modules\\express\\lib\\router\\index.js:335:12)\n    at next (D:\\Daily Project Work\\Node Finmart\\Back Office API\\node_modules\\express\\lib\\router\\index.js:275:10)\n    at Function.handle (D:\\Daily Project Work\\Node Finmart\\Back Office API\\node_modules\\express\\lib\\router\\index.js:174:3)\n    at router (D:\\Daily Project Work\\Node Finmart\\Back Office API\\node_modules\\express\\lib\\router\\index.js:47:12)\n    at Layer.handle [as handle_request] (D:\\Daily Project Work\\Node Finmart\\Back Office API\\node_modules\\express\\lib\\router\\layer.js:95:5)\n    at trim_prefix (D:\\Daily Project Work\\Node Finmart\\Back Office API\\node_modules\\express\\lib\\router\\index.js:317:13)',
  exception: true,
  date: 'Fri Jan 18 2019 12:42:46 GMT+0530 (India Standard Time)',
  process: 
   { pid: 2332,
     uid: null,
     gid: null,
     cwd: 'D:\\Daily Project Work\\Node Finmart\\Back Office API',
     execPath: 'C:\\Program Files\\nodejs\\node.exe',
     version: 'v9.3.0',
     argv: 
      [ 'C:\\Program Files\\nodejs\\node.exe',
        'D:\\Daily Project Work\\Node Finmart\\Back Office API\\bin\\www' ],
     memoryUsage: 
      { rss: 43917312,
        heapTotal: 26046464,
        heapUsed: 22080016,
        external: 17869378 } },
  os: { loadavg: [ 0, 0, 0 ], uptime: 692693.0739483 },
  trace: 
   [ { column: 14,
       file: 'D:\\Daily Project Work\\Node Finmart\\Back Office API\\node_modules\\mysql\\lib\\protocol\\sequences\\Sequence.js',
       function: 'Query.Sequence._packetToError',
       line: 52,
       method: '_packetToError',
       native: false },
     { column: 18,
       file: 'D:\\Daily Project Work\\Node Finmart\\Back Office API\\node_modules\\mysql\\lib\\protocol\\sequences\\Query.js',
       function: 'Query.ErrorPacket',
       line: 77,
       method: 'ErrorPacket',
       native: false },
     { column: 23,
       file: 'D:\\Daily Project Work\\Node Finmart\\Back Office API\\node_modules\\mysql\\lib\\protocol\\Protocol.js',
       function: 'Protocol._parsePacket',
       line: 279,
       method: '_parsePacket',
       native: false },
     { column: 12,
       file: 'D:\\Daily Project Work\\Node Finmart\\Back Office API\\node_modules\\mysql\\lib\\protocol\\Parser.js',
       function: 'Parser.write',
       line: 76,
       method: 'write',
       native: false },
     { column: 16,
       file: 'D:\\Daily Project Work\\Node Finmart\\Back Office API\\node_modules\\mysql\\lib\\protocol\\Protocol.js',
       function: 'Protocol.write',
       line: 39,
       method: 'write',
       native: false },
     { column: 28,
       file: 'D:\\Daily Project Work\\Node Finmart\\Back Office API\\node_modules\\mysql\\lib\\Connection.js',
       function: null,
       line: 103,
       method: null,
       native: false },
     { column: 13,
       file: 'events.js',
       function: 'Socket.emit',
       line: 159,
       method: 'emit',
       native: false },
     { column: 12,
       file: '_stream_readable.js',
       function: 'addChunk',
       line: 265,
       method: null,
       native: false },
     { column: 11,
       file: '_stream_readable.js',
       function: 'readableAddChunk',
       line: 252,
       method: null,
       native: false },
     { column: 10,
       file: '_stream_readable.js',
       function: 'Socket.Readable.push',
       line: 209,
       method: 'push',
       native: false },
     { column: 20,
       file: 'net.js',
       function: 'TCP.onread',
       line: 608,
       method: 'onread',
       native: false },
     { column: null,
       file: '    --------------------',
       function: null,
       line: null,
       method: null,
       native: null },
     { column: 48,
       file: 'D:\\Daily Project Work\\Node Finmart\\Back Office API\\node_modules\\mysql\\lib\\protocol\\Protocol.js',
       function: 'Protocol._enqueue',
       line: 145,
       method: '_enqueue',
       native: false },
     { column: 25,
       file: 'D:\\Daily Project Work\\Node Finmart\\Back Office API\\node_modules\\mysql\\lib\\Connection.js',
       function: 'Connection.query',
       line: 208,
       method: 'query',
       native: false },
     { column: 16,
       file: 'D:\\Daily Project Work\\Node Finmart\\Back Office API\\bin\\dbconnection.js',
       function: 'Connection.connection.execute_proc',
       line: 29,
       method: 'execute_proc',
       native: false },
     { column: 5,
       file: 'D:\\Daily Project Work\\Node Finmart\\Back Office API\\controller\\AddChildPosp.js',
       function: 'AddChildPosp',
       line: 41,
       method: null,
       native: false },
     { column: 3,
       file: 'D:\\Daily Project Work\\Node Finmart\\Back Office API\\routes\\api.js',
       function: null,
       line: 772,
       method: null,
       native: false },
     { column: 5,
       file: 'D:\\Daily Project Work\\Node Finmart\\Back Office API\\node_modules\\express\\lib\\router\\layer.js',
       function: 'Layer.handle [as handle_request]',
       line: 95,
       method: 'handle [as handle_request]',
       native: false },
     { column: 13,
       file: 'D:\\Daily Project Work\\Node Finmart\\Back Office API\\node_modules\\express\\lib\\router\\route.js',
       function: 'next',
       line: 137,
       method: null,
       native: false },
     { column: 3,
       file: 'D:\\Daily Project Work\\Node Finmart\\Back Office API\\node_modules\\express\\lib\\router\\route.js',
       function: 'Route.dispatch',
       line: 112,
       method: 'dispatch',
       native: false },
     { column: 5,
       file: 'D:\\Daily Project Work\\Node Finmart\\Back Office API\\node_modules\\express\\lib\\router\\layer.js',
       function: 'Layer.handle [as handle_request]',
       line: 95,
       method: 'handle [as handle_request]',
       native: false },
     { column: 22,
       file: 'D:\\Daily Project Work\\Node Finmart\\Back Office API\\node_modules\\express\\lib\\router\\index.js',
       function: null,
       line: 281,
       method: null,
       native: false },
     { column: 12,
       file: 'D:\\Daily Project Work\\Node Finmart\\Back Office API\\node_modules\\express\\lib\\router\\index.js',
       function: 'Function.process_params',
       line: 335,
       method: 'process_params',
       native: false },
     { column: 10,
       file: 'D:\\Daily Project Work\\Node Finmart\\Back Office API\\node_modules\\express\\lib\\router\\index.js',
       function: 'next',
       line: 275,
       method: null,
       native: false },
     { column: 3,
       file: 'D:\\Daily Project Work\\Node Finmart\\Back Office API\\node_modules\\express\\lib\\router\\index.js',
       function: 'Function.handle',
       line: 174,
       method: 'handle',
       native: false },
     { column: 12,
       file: 'D:\\Daily Project Work\\Node Finmart\\Back Office API\\node_modules\\express\\lib\\router\\index.js',
       function: 'router',
       line: 47,
       method: null,
       native: false },
     { column: 5,
       file: 'D:\\Daily Project Work\\Node Finmart\\Back Office API\\node_modules\\express\\lib\\router\\layer.js',
       function: 'Layer.handle [as handle_request]',
       line: 95,
       method: 'handle [as handle_request]',
       native: false },
     { column: 13,
       file: 'D:\\Daily Project Work\\Node Finmart\\Back Office API\\node_modules\\express\\lib\\router\\index.js',
       function: 'trim_prefix',
       line: 317,
       method: null,
       native: false } ],
  timestamp: '2019-01-18T07:12:46.784Z',
  [Symbol(level)]: 'error' }
{ error: 
   { Error: ER_SP_WRONG_NO_OF_ARGS: Incorrect number of arguments for PROCEDURE BackOffice.InsertFBARegistration; expected 19, got 17
    at Query.Sequence._packetToError (D:\Daily Project Work\Node Finmart\Back Office API\node_modules\mysql\lib\protocol\sequences\Sequence.js:52:14)
    at Query.ErrorPacket (D:\Daily Project Work\Node Finmart\Back Office API\node_modules\mysql\lib\protocol\sequences\Query.js:77:18)
    at Protocol._parsePacket (D:\Daily Project Work\Node Finmart\Back Office API\node_modules\mysql\lib\protocol\Protocol.js:279:23)
    at Parser.write (D:\Daily Project Work\Node Finmart\Back Office API\node_modules\mysql\lib\protocol\Parser.js:76:12)
    at Protocol.write (D:\Daily Project Work\Node Finmart\Back Office API\node_modules\mysql\lib\protocol\Protocol.js:39:16)
    at Socket.<anonymous> (D:\Daily Project Work\Node Finmart\Back Office API\node_modules\mysql\lib\Connection.js:103:28)
    at Socket.emit (events.js:159:13)
    at addChunk (_stream_readable.js:265:12)
    at readableAddChunk (_stream_readable.js:252:11)
    at Socket.Readable.push (_stream_readable.js:209:10)
    at TCP.onread (net.js:608:20)
    --------------------
    at Protocol._enqueue (D:\Daily Project Work\Node Finmart\Back Office API\node_modules\mysql\lib\protocol\Protocol.js:145:48)
    at Connection.query (D:\Daily Project Work\Node Finmart\Back Office API\node_modules\mysql\lib\Connection.js:208:25)
    at Connection.connection.execute_proc (D:\Daily Project Work\Node Finmart\Back Office API\bin\dbconnection.js:29:16)
    at AddChildPosp (D:\Daily Project Work\Node Finmart\Back Office API\controller\AddChildPosp.js:41:5)
    at D:\Daily Project Work\Node Finmart\Back Office API\routes\api.js:772:3
    at Layer.handle [as handle_request] (D:\Daily Project Work\Node Finmart\Back Office API\node_modules\express\lib\router\layer.js:95:5)
    at next (D:\Daily Project Work\Node Finmart\Back Office API\node_modules\express\lib\router\route.js:137:13)
    at Route.dispatch (D:\Daily Project Work\Node Finmart\Back Office API\node_modules\express\lib\router\route.js:112:3)
    at Layer.handle [as handle_request] (D:\Daily Project Work\Node Finmart\Back Office API\node_modules\express\lib\router\layer.js:95:5)
    at D:\Daily Project Work\Node Finmart\Back Office API\node_modules\express\lib\router\index.js:281:22
    at Function.process_params (D:\Daily Project Work\Node Finmart\Back Office API\node_modules\express\lib\router\index.js:335:12)
    at next (D:\Daily Project Work\Node Finmart\Back Office API\node_modules\express\lib\router\index.js:275:10)
    at Function.handle (D:\Daily Project Work\Node Finmart\Back Office API\node_modules\express\lib\router\index.js:174:3)
    at router (D:\Daily Project Work\Node Finmart\Back Office API\node_modules\express\lib\router\index.js:47:12)
    at Layer.handle [as handle_request] (D:\Daily Project Work\Node Finmart\Back Office API\node_modules\express\lib\router\layer.js:95:5)
    at trim_prefix (D:\Daily Project Work\Node Finmart\Back Office API\node_modules\express\lib\router\index.js:317:13)
     code: 'ER_SP_WRONG_NO_OF_ARGS',
     errno: 1318,
     sqlMessage: 'Incorrect number of arguments for PROCEDURE BackOffice.InsertFBARegistration; expected 19, got 17',
     sqlState: '42000',
     index: 0,
     sql: 'call InsertFBARegistration(\'Hhdhs\',\'Hshs\',\'F\',\'10-Oct-2000\',\'9887798958\',\'\',\'hzh3s@hsh.com\',\'401105\',\'Thane\',\'21\',\'R\',0,0,NULL,\'\',NULL,\'37338\')' },
  level: 'error',
  message: 'uncaughtException: ER_SP_WRONG_NO_OF_ARGS: Incorrect number of arguments for PROCEDURE BackOffice.InsertFBARegistration; expected 19, got 17\nError: ER_SP_WRONG_NO_OF_ARGS: Incorrect number of arguments for PROCEDURE BackOffice.InsertFBARegistration; expected 19, got 17\n    at Query.Sequence._packetToError (D:\\Daily Project Work\\Node Finmart\\Back Office API\\node_modules\\mysql\\lib\\protocol\\sequences\\Sequence.js:52:14)\n    at Query.ErrorPacket (D:\\Daily Project Work\\Node Finmart\\Back Office API\\node_modules\\mysql\\lib\\protocol\\sequences\\Query.js:77:18)\n    at Protocol._parsePacket (D:\\Daily Project Work\\Node Finmart\\Back Office API\\node_modules\\mysql\\lib\\protocol\\Protocol.js:279:23)\n    at Parser.write (D:\\Daily Project Work\\Node Finmart\\Back Office API\\node_modules\\mysql\\lib\\protocol\\Parser.js:76:12)\n    at Protocol.write (D:\\Daily Project Work\\Node Finmart\\Back Office API\\node_modules\\mysql\\lib\\protocol\\Protocol.js:39:16)\n    at Socket.<anonymous> (D:\\Daily Project Work\\Node Finmart\\Back Office API\\node_modules\\mysql\\lib\\Connection.js:103:28)\n    at Socket.emit (events.js:159:13)\n    at addChunk (_stream_readable.js:265:12)\n    at readableAddChunk (_stream_readable.js:252:11)\n    at Socket.Readable.push (_stream_readable.js:209:10)\n    at TCP.onread (net.js:608:20)\n    --------------------\n    at Protocol._enqueue (D:\\Daily Project Work\\Node Finmart\\Back Office API\\node_modules\\mysql\\lib\\protocol\\Protocol.js:145:48)\n    at Connection.query (D:\\Daily Project Work\\Node Finmart\\Back Office API\\node_modules\\mysql\\lib\\Connection.js:208:25)\n    at Connection.connection.execute_proc (D:\\Daily Project Work\\Node Finmart\\Back Office API\\bin\\dbconnection.js:29:16)\n    at AddChildPosp (D:\\Daily Project Work\\Node Finmart\\Back Office API\\controller\\AddChildPosp.js:41:5)\n    at D:\\Daily Project Work\\Node Finmart\\Back Office API\\routes\\api.js:772:3\n    at Layer.handle [as handle_request] (D:\\Daily Project Work\\Node Finmart\\Back Office API\\node_modules\\express\\lib\\router\\layer.js:95:5)\n    at next (D:\\Daily Project Work\\Node Finmart\\Back Office API\\node_modules\\express\\lib\\router\\route.js:137:13)\n    at Route.dispatch (D:\\Daily Project Work\\Node Finmart\\Back Office API\\node_modules\\express\\lib\\router\\route.js:112:3)\n    at Layer.handle [as handle_request] (D:\\Daily Project Work\\Node Finmart\\Back Office API\\node_modules\\express\\lib\\router\\layer.js:95:5)\n    at D:\\Daily Project Work\\Node Finmart\\Back Office API\\node_modules\\express\\lib\\router\\index.js:281:22\n    at Function.process_params (D:\\Daily Project Work\\Node Finmart\\Back Office API\\node_modules\\express\\lib\\router\\index.js:335:12)\n    at next (D:\\Daily Project Work\\Node Finmart\\Back Office API\\node_modules\\express\\lib\\router\\index.js:275:10)\n    at Function.handle (D:\\Daily Project Work\\Node Finmart\\Back Office API\\node_modules\\express\\lib\\router\\index.js:174:3)\n    at router (D:\\Daily Project Work\\Node Finmart\\Back Office API\\node_modules\\express\\lib\\router\\index.js:47:12)\n    at Layer.handle [as handle_request] (D:\\Daily Project Work\\Node Finmart\\Back Office API\\node_modules\\express\\lib\\router\\layer.js:95:5)\n    at trim_prefix (D:\\Daily Project Work\\Node Finmart\\Back Office API\\node_modules\\express\\lib\\router\\index.js:317:13)',
  stack: 'Error: ER_SP_WRONG_NO_OF_ARGS: Incorrect number of arguments for PROCEDURE BackOffice.InsertFBARegistration; expected 19, got 17\n    at Query.Sequence._packetToError (D:\\Daily Project Work\\Node Finmart\\Back Office API\\node_modules\\mysql\\lib\\protocol\\sequences\\Sequence.js:52:14)\n    at Query.ErrorPacket (D:\\Daily Project Work\\Node Finmart\\Back Office API\\node_modules\\mysql\\lib\\protocol\\sequences\\Query.js:77:18)\n    at Protocol._parsePacket (D:\\Daily Project Work\\Node Finmart\\Back Office API\\node_modules\\mysql\\lib\\protocol\\Protocol.js:279:23)\n    at Parser.write (D:\\Daily Project Work\\Node Finmart\\Back Office API\\node_modules\\mysql\\lib\\protocol\\Parser.js:76:12)\n    at Protocol.write (D:\\Daily Project Work\\Node Finmart\\Back Office API\\node_modules\\mysql\\lib\\protocol\\Protocol.js:39:16)\n    at Socket.<anonymous> (D:\\Daily Project Work\\Node Finmart\\Back Office API\\node_modules\\mysql\\lib\\Connection.js:103:28)\n    at Socket.emit (events.js:159:13)\n    at addChunk (_stream_readable.js:265:12)\n    at readableAddChunk (_stream_readable.js:252:11)\n    at Socket.Readable.push (_stream_readable.js:209:10)\n    at TCP.onread (net.js:608:20)\n    --------------------\n    at Protocol._enqueue (D:\\Daily Project Work\\Node Finmart\\Back Office API\\node_modules\\mysql\\lib\\protocol\\Protocol.js:145:48)\n    at Connection.query (D:\\Daily Project Work\\Node Finmart\\Back Office API\\node_modules\\mysql\\lib\\Connection.js:208:25)\n    at Connection.connection.execute_proc (D:\\Daily Project Work\\Node Finmart\\Back Office API\\bin\\dbconnection.js:29:16)\n    at AddChildPosp (D:\\Daily Project Work\\Node Finmart\\Back Office API\\controller\\AddChildPosp.js:41:5)\n    at D:\\Daily Project Work\\Node Finmart\\Back Office API\\routes\\api.js:772:3\n    at Layer.handle [as handle_request] (D:\\Daily Project Work\\Node Finmart\\Back Office API\\node_modules\\express\\lib\\router\\layer.js:95:5)\n    at next (D:\\Daily Project Work\\Node Finmart\\Back Office API\\node_modules\\express\\lib\\router\\route.js:137:13)\n    at Route.dispatch (D:\\Daily Project Work\\Node Finmart\\Back Office API\\node_modules\\express\\lib\\router\\route.js:112:3)\n    at Layer.handle [as handle_request] (D:\\Daily Project Work\\Node Finmart\\Back Office API\\node_modules\\express\\lib\\router\\layer.js:95:5)\n    at D:\\Daily Project Work\\Node Finmart\\Back Office API\\node_modules\\express\\lib\\router\\index.js:281:22\n    at Function.process_params (D:\\Daily Project Work\\Node Finmart\\Back Office API\\node_modules\\express\\lib\\router\\index.js:335:12)\n    at next (D:\\Daily Project Work\\Node Finmart\\Back Office API\\node_modules\\express\\lib\\router\\index.js:275:10)\n    at Function.handle (D:\\Daily Project Work\\Node Finmart\\Back Office API\\node_modules\\express\\lib\\router\\index.js:174:3)\n    at router (D:\\Daily Project Work\\Node Finmart\\Back Office API\\node_modules\\express\\lib\\router\\index.js:47:12)\n    at Layer.handle [as handle_request] (D:\\Daily Project Work\\Node Finmart\\Back Office API\\node_modules\\express\\lib\\router\\layer.js:95:5)\n    at trim_prefix (D:\\Daily Project Work\\Node Finmart\\Back Office API\\node_modules\\express\\lib\\router\\index.js:317:13)',
  exception: true,
  date: 'Fri Jan 18 2019 12:42:59 GMT+0530 (India Standard Time)',
  process: 
   { pid: 7484,
     uid: null,
     gid: null,
     cwd: 'D:\\Daily Project Work\\Node Finmart\\Back Office API',
     execPath: 'C:\\Program Files\\nodejs\\node.exe',
     version: 'v9.3.0',
     argv: 
      [ 'C:\\Program Files\\nodejs\\node.exe',
        'D:\\Daily Project Work\\Node Finmart\\Back Office API\\bin\\www' ],
     memoryUsage: 
      { rss: 60456960,
        heapTotal: 59600896,
        heapUsed: 23390704,
        external: 17983582 } },
  os: { loadavg: [ 0, 0, 0 ], uptime: 692705.9036828 },
  trace: 
   [ { column: 14,
       file: 'D:\\Daily Project Work\\Node Finmart\\Back Office API\\node_modules\\mysql\\lib\\protocol\\sequences\\Sequence.js',
       function: 'Query.Sequence._packetToError',
       line: 52,
       method: '_packetToError',
       native: false },
     { column: 18,
       file: 'D:\\Daily Project Work\\Node Finmart\\Back Office API\\node_modules\\mysql\\lib\\protocol\\sequences\\Query.js',
       function: 'Query.ErrorPacket',
       line: 77,
       method: 'ErrorPacket',
       native: false },
     { column: 23,
       file: 'D:\\Daily Project Work\\Node Finmart\\Back Office API\\node_modules\\mysql\\lib\\protocol\\Protocol.js',
       function: 'Protocol._parsePacket',
       line: 279,
       method: '_parsePacket',
       native: false },
     { column: 12,
       file: 'D:\\Daily Project Work\\Node Finmart\\Back Office API\\node_modules\\mysql\\lib\\protocol\\Parser.js',
       function: 'Parser.write',
       line: 76,
       method: 'write',
       native: false },
     { column: 16,
       file: 'D:\\Daily Project Work\\Node Finmart\\Back Office API\\node_modules\\mysql\\lib\\protocol\\Protocol.js',
       function: 'Protocol.write',
       line: 39,
       method: 'write',
       native: false },
     { column: 28,
       file: 'D:\\Daily Project Work\\Node Finmart\\Back Office API\\node_modules\\mysql\\lib\\Connection.js',
       function: null,
       line: 103,
       method: null,
       native: false },
     { column: 13,
       file: 'events.js',
       function: 'Socket.emit',
       line: 159,
       method: 'emit',
       native: false },
     { column: 12,
       file: '_stream_readable.js',
       function: 'addChunk',
       line: 265,
       method: null,
       native: false },
     { column: 11,
       file: '_stream_readable.js',
       function: 'readableAddChunk',
       line: 252,
       method: null,
       native: false },
     { column: 10,
       file: '_stream_readable.js',
       function: 'Socket.Readable.push',
       line: 209,
       method: 'push',
       native: false },
     { column: 20,
       file: 'net.js',
       function: 'TCP.onread',
       line: 608,
       method: 'onread',
       native: false },
     { column: null,
       file: '    --------------------',
       function: null,
       line: null,
       method: null,
       native: null },
     { column: 48,
       file: 'D:\\Daily Project Work\\Node Finmart\\Back Office API\\node_modules\\mysql\\lib\\protocol\\Protocol.js',
       function: 'Protocol._enqueue',
       line: 145,
       method: '_enqueue',
       native: false },
     { column: 25,
       file: 'D:\\Daily Project Work\\Node Finmart\\Back Office API\\node_modules\\mysql\\lib\\Connection.js',
       function: 'Connection.query',
       line: 208,
       method: 'query',
       native: false },
     { column: 16,
       file: 'D:\\Daily Project Work\\Node Finmart\\Back Office API\\bin\\dbconnection.js',
       function: 'Connection.connection.execute_proc',
       line: 29,
       method: 'execute_proc',
       native: false },
     { column: 5,
       file: 'D:\\Daily Project Work\\Node Finmart\\Back Office API\\controller\\AddChildPosp.js',
       function: 'AddChildPosp',
       line: 41,
       method: null,
       native: false },
     { column: 3,
       file: 'D:\\Daily Project Work\\Node Finmart\\Back Office API\\routes\\api.js',
       function: null,
       line: 772,
       method: null,
       native: false },
     { column: 5,
       file: 'D:\\Daily Project Work\\Node Finmart\\Back Office API\\node_modules\\express\\lib\\router\\layer.js',
       function: 'Layer.handle [as handle_request]',
       line: 95,
       method: 'handle [as handle_request]',
       native: false },
     { column: 13,
       file: 'D:\\Daily Project Work\\Node Finmart\\Back Office API\\node_modules\\express\\lib\\router\\route.js',
       function: 'next',
       line: 137,
       method: null,
       native: false },
     { column: 3,
       file: 'D:\\Daily Project Work\\Node Finmart\\Back Office API\\node_modules\\express\\lib\\router\\route.js',
       function: 'Route.dispatch',
       line: 112,
       method: 'dispatch',
       native: false },
     { column: 5,
       file: 'D:\\Daily Project Work\\Node Finmart\\Back Office API\\node_modules\\express\\lib\\router\\layer.js',
       function: 'Layer.handle [as handle_request]',
       line: 95,
       method: 'handle [as handle_request]',
       native: false },
     { column: 22,
       file: 'D:\\Daily Project Work\\Node Finmart\\Back Office API\\node_modules\\express\\lib\\router\\index.js',
       function: null,
       line: 281,
       method: null,
       native: false },
     { column: 12,
       file: 'D:\\Daily Project Work\\Node Finmart\\Back Office API\\node_modules\\express\\lib\\router\\index.js',
       function: 'Function.process_params',
       line: 335,
       method: 'process_params',
       native: false },
     { column: 10,
       file: 'D:\\Daily Project Work\\Node Finmart\\Back Office API\\node_modules\\express\\lib\\router\\index.js',
       function: 'next',
       line: 275,
       method: null,
       native: false },
     { column: 3,
       file: 'D:\\Daily Project Work\\Node Finmart\\Back Office API\\node_modules\\express\\lib\\router\\index.js',
       function: 'Function.handle',
       line: 174,
       method: 'handle',
       native: false },
     { column: 12,
       file: 'D:\\Daily Project Work\\Node Finmart\\Back Office API\\node_modules\\express\\lib\\router\\index.js',
       function: 'router',
       line: 47,
       method: null,
       native: false },
     { column: 5,
       file: 'D:\\Daily Project Work\\Node Finmart\\Back Office API\\node_modules\\express\\lib\\router\\layer.js',
       function: 'Layer.handle [as handle_request]',
       line: 95,
       method: 'handle [as handle_request]',
       native: false },
     { column: 13,
       file: 'D:\\Daily Project Work\\Node Finmart\\Back Office API\\node_modules\\express\\lib\\router\\index.js',
       function: 'trim_prefix',
       line: 317,
       method: null,
       native: false } ],
  timestamp: '2019-01-18T07:12:59.620Z',
  [Symbol(level)]: 'error' }
{ error: 
   { Error: read ECONNRESET
    at _errnoException (util.js:999:13)
    at TCP.onread (net.js:629:25)
     errno: 'ECONNRESET',
     code: 'ECONNRESET',
     syscall: 'read',
     fatal: true },
  level: 'error',
  message: 'uncaughtException: read ECONNRESET\nError: read ECONNRESET\n    at _errnoException (util.js:999:13)\n    at TCP.onread (net.js:629:25)',
  stack: 'Error: read ECONNRESET\n    at _errnoException (util.js:999:13)\n    at TCP.onread (net.js:629:25)',
  exception: true,
  date: 'Fri Jan 18 2019 16:46:42 GMT+0530 (India Standard Time)',
  process: 
   { pid: 3280,
     uid: null,
     gid: null,
     cwd: 'D:\\Daily Project Work\\Node Finmart\\Back Office API',
     execPath: 'C:\\Program Files\\nodejs\\node.exe',
     version: 'v9.3.0',
     argv: 
      [ 'C:\\Program Files\\nodejs\\node.exe',
        'D:\\Daily Project Work\\Node Finmart\\Back Office API\\bin\\www' ],
     memoryUsage: 
      { rss: 46563328,
        heapTotal: 26046464,
        heapUsed: 23509360,
        external: 17913638 } },
  os: { loadavg: [ 0, 0, 0 ], uptime: 707328.6210097 },
  trace: 
   [ { column: 13,
       file: 'util.js',
       function: '_errnoException',
       line: 999,
       method: null,
       native: false },
     { column: 25,
       file: 'net.js',
       function: 'TCP.onread',
       line: 629,
       method: 'onread',
       native: false } ],
  timestamp: '2019-01-18T11:16:42.346Z',
  [Symbol(level)]: 'error' }
{ error: Error [ERR_HTTP_HEADERS_SENT]: Cannot set headers after they are sent to the client
    at validateHeader (_http_outgoing.js:503:11)
    at ServerResponse.setHeader (_http_outgoing.js:510:3)
    at ServerResponse.header (D:\Daily Project Work\Node Finmart\Back Office API\node_modules\express\lib\response.js:767:10)
    at ServerResponse.send (D:\Daily Project Work\Node Finmart\Back Office API\node_modules\express\lib\response.js:170:12)
    at ServerResponse.json (D:\Daily Project Work\Node Finmart\Back Office API\node_modules\express\lib\response.js:267:15)
    at ServerResponse.send (D:\Daily Project Work\Node Finmart\Back Office API\node_modules\express\lib\response.js:158:21)
    at Function.BaseController.send_response (D:\Daily Project Work\Node Finmart\Back Office API\controller\baseController.js:24:9)
    at D:\Daily Project Work\Node Finmart\Back Office API\controller\firsthivesendsmscontroller.js:20:9
    at Query._callback (D:\Daily Project Work\Node Finmart\Back Office API\bin\dbconnection.js:32:7)
    at Query.Sequence.end (D:\Daily Project Work\Node Finmart\Back Office API\node_modules\mysql\lib\protocol\sequences\Sequence.js:88:24)
    at Query._handleFinalResultPacket (D:\Daily Project Work\Node Finmart\Back Office API\node_modules\mysql\lib\protocol\sequences\Query.js:139:8)
    at Query.OkPacket (D:\Daily Project Work\Node Finmart\Back Office API\node_modules\mysql\lib\protocol\sequences\Query.js:72:10)
    at Protocol._parsePacket (D:\Daily Project Work\Node Finmart\Back Office API\node_modules\mysql\lib\protocol\Protocol.js:279:23)
    at Parser.write (D:\Daily Project Work\Node Finmart\Back Office API\node_modules\mysql\lib\protocol\Parser.js:76:12)
    at Protocol.write (D:\Daily Project Work\Node Finmart\Back Office API\node_modules\mysql\lib\protocol\Protocol.js:39:16)
    at Socket.<anonymous> (D:\Daily Project Work\Node Finmart\Back Office API\node_modules\mysql\lib\Connection.js:103:28),
  level: 'error',
  message: 'uncaughtException: Cannot set headers after they are sent to the client\nError [ERR_HTTP_HEADERS_SENT]: Cannot set headers after they are sent to the client\n    at validateHeader (_http_outgoing.js:503:11)\n    at ServerResponse.setHeader (_http_outgoing.js:510:3)\n    at ServerResponse.header (D:\\Daily Project Work\\Node Finmart\\Back Office API\\node_modules\\express\\lib\\response.js:767:10)\n    at ServerResponse.send (D:\\Daily Project Work\\Node Finmart\\Back Office API\\node_modules\\express\\lib\\response.js:170:12)\n    at ServerResponse.json (D:\\Daily Project Work\\Node Finmart\\Back Office API\\node_modules\\express\\lib\\response.js:267:15)\n    at ServerResponse.send (D:\\Daily Project Work\\Node Finmart\\Back Office API\\node_modules\\express\\lib\\response.js:158:21)\n    at Function.BaseController.send_response (D:\\Daily Project Work\\Node Finmart\\Back Office API\\controller\\baseController.js:24:9)\n    at D:\\Daily Project Work\\Node Finmart\\Back Office API\\controller\\firsthivesendsmscontroller.js:20:9\n    at Query._callback (D:\\Daily Project Work\\Node Finmart\\Back Office API\\bin\\dbconnection.js:32:7)\n    at Query.Sequence.end (D:\\Daily Project Work\\Node Finmart\\Back Office API\\node_modules\\mysql\\lib\\protocol\\sequences\\Sequence.js:88:24)\n    at Query._handleFinalResultPacket (D:\\Daily Project Work\\Node Finmart\\Back Office API\\node_modules\\mysql\\lib\\protocol\\sequences\\Query.js:139:8)\n    at Query.OkPacket (D:\\Daily Project Work\\Node Finmart\\Back Office API\\node_modules\\mysql\\lib\\protocol\\sequences\\Query.js:72:10)\n    at Protocol._parsePacket (D:\\Daily Project Work\\Node Finmart\\Back Office API\\node_modules\\mysql\\lib\\protocol\\Protocol.js:279:23)\n    at Parser.write (D:\\Daily Project Work\\Node Finmart\\Back Office API\\node_modules\\mysql\\lib\\protocol\\Parser.js:76:12)\n    at Protocol.write (D:\\Daily Project Work\\Node Finmart\\Back Office API\\node_modules\\mysql\\lib\\protocol\\Protocol.js:39:16)\n    at Socket.<anonymous> (D:\\Daily Project Work\\Node Finmart\\Back Office API\\node_modules\\mysql\\lib\\Connection.js:103:28)',
  stack: 'Error [ERR_HTTP_HEADERS_SENT]: Cannot set headers after they are sent to the client\n    at validateHeader (_http_outgoing.js:503:11)\n    at ServerResponse.setHeader (_http_outgoing.js:510:3)\n    at ServerResponse.header (D:\\Daily Project Work\\Node Finmart\\Back Office API\\node_modules\\express\\lib\\response.js:767:10)\n    at ServerResponse.send (D:\\Daily Project Work\\Node Finmart\\Back Office API\\node_modules\\express\\lib\\response.js:170:12)\n    at ServerResponse.json (D:\\Daily Project Work\\Node Finmart\\Back Office API\\node_modules\\express\\lib\\response.js:267:15)\n    at ServerResponse.send (D:\\Daily Project Work\\Node Finmart\\Back Office API\\node_modules\\express\\lib\\response.js:158:21)\n    at Function.BaseController.send_response (D:\\Daily Project Work\\Node Finmart\\Back Office API\\controller\\baseController.js:24:9)\n    at D:\\Daily Project Work\\Node Finmart\\Back Office API\\controller\\firsthivesendsmscontroller.js:20:9\n    at Query._callback (D:\\Daily Project Work\\Node Finmart\\Back Office API\\bin\\dbconnection.js:32:7)\n    at Query.Sequence.end (D:\\Daily Project Work\\Node Finmart\\Back Office API\\node_modules\\mysql\\lib\\protocol\\sequences\\Sequence.js:88:24)\n    at Query._handleFinalResultPacket (D:\\Daily Project Work\\Node Finmart\\Back Office API\\node_modules\\mysql\\lib\\protocol\\sequences\\Query.js:139:8)\n    at Query.OkPacket (D:\\Daily Project Work\\Node Finmart\\Back Office API\\node_modules\\mysql\\lib\\protocol\\sequences\\Query.js:72:10)\n    at Protocol._parsePacket (D:\\Daily Project Work\\Node Finmart\\Back Office API\\node_modules\\mysql\\lib\\protocol\\Protocol.js:279:23)\n    at Parser.write (D:\\Daily Project Work\\Node Finmart\\Back Office API\\node_modules\\mysql\\lib\\protocol\\Parser.js:76:12)\n    at Protocol.write (D:\\Daily Project Work\\Node Finmart\\Back Office API\\node_modules\\mysql\\lib\\protocol\\Protocol.js:39:16)\n    at Socket.<anonymous> (D:\\Daily Project Work\\Node Finmart\\Back Office API\\node_modules\\mysql\\lib\\Connection.js:103:28)',
  exception: true,
  date: 'Fri Jan 18 2019 18:53:54 GMT+0530 (India Standard Time)',
  process: 
   { pid: 14056,
     uid: null,
     gid: null,
     cwd: 'D:\\Daily Project Work\\Node Finmart\\Back Office API',
     execPath: 'C:\\Program Files\\nodejs\\node.exe',
     version: 'v9.3.0',
     argv: 
      [ 'C:\\Program Files\\nodejs\\node.exe',
        'D:\\Daily Project Work\\Node Finmart\\Back Office API\\bin\\www' ],
     memoryUsage: 
      { rss: 59273216,
        heapTotal: 58028032,
        heapUsed: 24028440,
        external: 18422180 } },
  os: { loadavg: [ 0, 0, 0 ], uptime: 714960.9574169 },
  trace: 
   [ { column: 11,
       file: '_http_outgoing.js',
       function: 'validateHeader',
       line: 503,
       method: null,
       native: false },
     { column: 3,
       file: '_http_outgoing.js',
       function: 'ServerResponse.setHeader',
       line: 510,
       method: 'setHeader',
       native: false },
     { column: 10,
       file: 'D:\\Daily Project Work\\Node Finmart\\Back Office API\\node_modules\\express\\lib\\response.js',
       function: 'ServerResponse.header',
       line: 767,
       method: 'header',
       native: false },
     { column: 12,
       file: 'D:\\Daily Project Work\\Node Finmart\\Back Office API\\node_modules\\express\\lib\\response.js',
       function: 'ServerResponse.send',
       line: 170,
       method: 'send',
       native: false },
     { column: 15,
       file: 'D:\\Daily Project Work\\Node Finmart\\Back Office API\\node_modules\\express\\lib\\response.js',
       function: 'ServerResponse.json',
       line: 267,
       method: 'json',
       native: false },
     { column: 21,
       file: 'D:\\Daily Project Work\\Node Finmart\\Back Office API\\node_modules\\express\\lib\\response.js',
       function: 'ServerResponse.send',
       line: 158,
       method: 'send',
       native: false },
     { column: 9,
       file: 'D:\\Daily Project Work\\Node Finmart\\Back Office API\\controller\\baseController.js',
       function: 'Function.BaseController.send_response',
       line: 24,
       method: 'send_response',
       native: false },
     { column: 9,
       file: 'D:\\Daily Project Work\\Node Finmart\\Back Office API\\controller\\firsthivesendsmscontroller.js',
       function: null,
       line: 20,
       method: null,
       native: false },
     { column: 7,
       file: 'D:\\Daily Project Work\\Node Finmart\\Back Office API\\bin\\dbconnection.js',
       function: 'Query._callback',
       line: 32,
       method: '_callback',
       native: false },
     { column: 24,
       file: 'D:\\Daily Project Work\\Node Finmart\\Back Office API\\node_modules\\mysql\\lib\\protocol\\sequences\\Sequence.js',
       function: 'Query.Sequence.end',
       line: 88,
       method: 'end',
       native: false },
     { column: 8,
       file: 'D:\\Daily Project Work\\Node Finmart\\Back Office API\\node_modules\\mysql\\lib\\protocol\\sequences\\Query.js',
       function: 'Query._handleFinalResultPacket',
       line: 139,
       method: '_handleFinalResultPacket',
       native: false },
     { column: 10,
       file: 'D:\\Daily Project Work\\Node Finmart\\Back Office API\\node_modules\\mysql\\lib\\protocol\\sequences\\Query.js',
       function: 'Query.OkPacket',
       line: 72,
       method: 'OkPacket',
       native: false },
     { column: 23,
       file: 'D:\\Daily Project Work\\Node Finmart\\Back Office API\\node_modules\\mysql\\lib\\protocol\\Protocol.js',
       function: 'Protocol._parsePacket',
       line: 279,
       method: '_parsePacket',
       native: false },
     { column: 12,
       file: 'D:\\Daily Project Work\\Node Finmart\\Back Office API\\node_modules\\mysql\\lib\\protocol\\Parser.js',
       function: 'Parser.write',
       line: 76,
       method: 'write',
       native: false },
     { column: 16,
       file: 'D:\\Daily Project Work\\Node Finmart\\Back Office API\\node_modules\\mysql\\lib\\protocol\\Protocol.js',
       function: 'Protocol.write',
       line: 39,
       method: 'write',
       native: false },
     { column: 28,
       file: 'D:\\Daily Project Work\\Node Finmart\\Back Office API\\node_modules\\mysql\\lib\\Connection.js',
       function: null,
       line: 103,
       method: null,
       native: false } ],
  timestamp: '2019-01-18T13:23:54.683Z',
  [Symbol(level)]: 'error' }
{ error: TypeError: Converting circular structure to JSON
    at JSON.stringify (<anonymous>)
    at stringify (D:\Daily Project Work\Node Finmart\Back Office API\node_modules\express\lib\response.js:1119:12)
    at ServerResponse.json (D:\Daily Project Work\Node Finmart\Back Office API\node_modules\express\lib\response.js:260:14)
    at ServerResponse.send (D:\Daily Project Work\Node Finmart\Back Office API\node_modules\express\lib\response.js:158:21)
    at Function.BaseController.send_response (D:\Daily Project Work\Node Finmart\Back Office API\controller\baseController.js:24:9)
    at ClientRequest.https.get (D:\Daily Project Work\Node Finmart\Back Office API\controller\firsthivesendsmscontroller.js:13:10)
    at Object.onceWrapper (events.js:254:19)
    at ClientRequest.emit (events.js:159:13)
    at HTTPParser.parserOnIncomingClient [as onIncoming] (_http_client.js:550:21)
    at HTTPParser.parserOnHeadersComplete (_http_common.js:115:23)
    at Socket.socketOnData (_http_client.js:439:20)
    at Socket.emit (events.js:159:13)
    at addChunk (_stream_readable.js:265:12)
    at readableAddChunk (_stream_readable.js:252:11)
    at Socket.Readable.push (_stream_readable.js:209:10)
    at TCP.onread (net.js:608:20),
  level: 'error',
  message: 'uncaughtException: Converting circular structure to JSON\nTypeError: Converting circular structure to JSON\n    at JSON.stringify (<anonymous>)\n    at stringify (D:\\Daily Project Work\\Node Finmart\\Back Office API\\node_modules\\express\\lib\\response.js:1119:12)\n    at ServerResponse.json (D:\\Daily Project Work\\Node Finmart\\Back Office API\\node_modules\\express\\lib\\response.js:260:14)\n    at ServerResponse.send (D:\\Daily Project Work\\Node Finmart\\Back Office API\\node_modules\\express\\lib\\response.js:158:21)\n    at Function.BaseController.send_response (D:\\Daily Project Work\\Node Finmart\\Back Office API\\controller\\baseController.js:24:9)\n    at ClientRequest.https.get (D:\\Daily Project Work\\Node Finmart\\Back Office API\\controller\\firsthivesendsmscontroller.js:13:10)\n    at Object.onceWrapper (events.js:254:19)\n    at ClientRequest.emit (events.js:159:13)\n    at HTTPParser.parserOnIncomingClient [as onIncoming] (_http_client.js:550:21)\n    at HTTPParser.parserOnHeadersComplete (_http_common.js:115:23)\n    at Socket.socketOnData (_http_client.js:439:20)\n    at Socket.emit (events.js:159:13)\n    at addChunk (_stream_readable.js:265:12)\n    at readableAddChunk (_stream_readable.js:252:11)\n    at Socket.Readable.push (_stream_readable.js:209:10)\n    at TCP.onread (net.js:608:20)',
  stack: 'TypeError: Converting circular structure to JSON\n    at JSON.stringify (<anonymous>)\n    at stringify (D:\\Daily Project Work\\Node Finmart\\Back Office API\\node_modules\\express\\lib\\response.js:1119:12)\n    at ServerResponse.json (D:\\Daily Project Work\\Node Finmart\\Back Office API\\node_modules\\express\\lib\\response.js:260:14)\n    at ServerResponse.send (D:\\Daily Project Work\\Node Finmart\\Back Office API\\node_modules\\express\\lib\\response.js:158:21)\n    at Function.BaseController.send_response (D:\\Daily Project Work\\Node Finmart\\Back Office API\\controller\\baseController.js:24:9)\n    at ClientRequest.https.get (D:\\Daily Project Work\\Node Finmart\\Back Office API\\controller\\firsthivesendsmscontroller.js:13:10)\n    at Object.onceWrapper (events.js:254:19)\n    at ClientRequest.emit (events.js:159:13)\n    at HTTPParser.parserOnIncomingClient [as onIncoming] (_http_client.js:550:21)\n    at HTTPParser.parserOnHeadersComplete (_http_common.js:115:23)\n    at Socket.socketOnData (_http_client.js:439:20)\n    at Socket.emit (events.js:159:13)\n    at addChunk (_stream_readable.js:265:12)\n    at readableAddChunk (_stream_readable.js:252:11)\n    at Socket.Readable.push (_stream_readable.js:209:10)\n    at TCP.onread (net.js:608:20)',
  exception: true,
  date: 'Fri Jan 18 2019 18:55:02 GMT+0530 (India Standard Time)',
  process: 
   { pid: 11348,
     uid: null,
     gid: null,
     cwd: 'D:\\Daily Project Work\\Node Finmart\\Back Office API',
     execPath: 'C:\\Program Files\\nodejs\\node.exe',
     version: 'v9.3.0',
     argv: 
      [ 'C:\\Program Files\\nodejs\\node.exe',
        'D:\\Daily Project Work\\Node Finmart\\Back Office API\\bin\\www' ],
     memoryUsage: 
      { rss: 60252160,
        heapTotal: 58028032,
        heapUsed: 23722720,
        external: 17963517 } },
  os: { loadavg: [ 0, 0, 0 ], uptime: 715028.7434719 },
  trace: 
   [ { column: null,
       file: null,
       function: 'JSON.stringify',
       line: null,
       method: 'stringify',
       native: false },
     { column: 12,
       file: 'D:\\Daily Project Work\\Node Finmart\\Back Office API\\node_modules\\express\\lib\\response.js',
       function: 'stringify',
       line: 1119,
       method: null,
       native: false },
     { column: 14,
       file: 'D:\\Daily Project Work\\Node Finmart\\Back Office API\\node_modules\\express\\lib\\response.js',
       function: 'ServerResponse.json',
       line: 260,
       method: 'json',
       native: false },
     { column: 21,
       file: 'D:\\Daily Project Work\\Node Finmart\\Back Office API\\node_modules\\express\\lib\\response.js',
       function: 'ServerResponse.send',
       line: 158,
       method: 'send',
       native: false },
     { column: 9,
       file: 'D:\\Daily Project Work\\Node Finmart\\Back Office API\\controller\\baseController.js',
       function: 'Function.BaseController.send_response',
       line: 24,
       method: 'send_response',
       native: false },
     { column: 10,
       file: 'D:\\Daily Project Work\\Node Finmart\\Back Office API\\controller\\firsthivesendsmscontroller.js',
       function: 'ClientRequest.https.get',
       line: 13,
       method: 'get',
       native: false },
     { column: 19,
       file: 'events.js',
       function: 'Object.onceWrapper',
       line: 254,
       method: 'onceWrapper',
       native: false },
     { column: 13,
       file: 'events.js',
       function: 'ClientRequest.emit',
       line: 159,
       method: 'emit',
       native: false },
     { column: 21,
       file: '_http_client.js',
       function: 'HTTPParser.parserOnIncomingClient [as onIncoming]',
       line: 550,
       method: 'parserOnIncomingClient [as onIncoming]',
       native: false },
     { column: 23,
       file: '_http_common.js',
       function: 'HTTPParser.parserOnHeadersComplete',
       line: 115,
       method: 'parserOnHeadersComplete',
       native: false },
     { column: 20,
       file: '_http_client.js',
       function: 'Socket.socketOnData',
       line: 439,
       method: 'socketOnData',
       native: false },
     { column: 13,
       file: 'events.js',
       function: 'Socket.emit',
       line: 159,
       method: 'emit',
       native: false },
     { column: 12,
       file: '_stream_readable.js',
       function: 'addChunk',
       line: 265,
       method: null,
       native: false },
     { column: 11,
       file: '_stream_readable.js',
       function: 'readableAddChunk',
       line: 252,
       method: null,
       native: false },
     { column: 10,
       file: '_stream_readable.js',
       function: 'Socket.Readable.push',
       line: 209,
       method: 'push',
       native: false },
     { column: 20,
       file: 'net.js',
       function: 'TCP.onread',
       line: 608,
       method: 'onread',
       native: false } ],
  timestamp: '2019-01-18T13:25:02.459Z',
  [Symbol(level)]: 'error' }
